<?xml version="1.0" encoding="utf-8"?><testsuites name="pytest tests"><testsuite name="pytest" errors="0" failures="0" skipped="0" tests="21" time="25.452" timestamp="2026-03-31T01:27:03.067980+00:00" hostname="agent-env-c8d95f85-fcb2-4cff-aa7e-898e501ccef7"><testcase classname="backend.tests.test_credicontrol_api.TestHealthAndRoot" name="test_api_root" time="0.183" /><testcase classname="backend.tests.test_credicontrol_api.TestAuthentication" name="test_admin_login_success" time="0.796" /><testcase classname="backend.tests.test_credicontrol_api.TestAuthentication" name="test_user_login_success" time="0.756" /><testcase classname="backend.tests.test_credicontrol_api.TestAuthentication" name="test_login_invalid_credentials" time="0.764" /><testcase classname="backend.tests.test_credicontrol_api.TestAuthentication" name="test_auth_me_without_token" time="0.133" /><testcase classname="backend.tests.test_credicontrol_api.TestAuthentication" name="test_auth_me_with_session" time="0.969" /><testcase classname="backend.tests.test_credicontrol_api.TestAuthentication" name="test_logout" time="0.750" /><testcase classname="backend.tests.test_credicontrol_api.TestAdminEndpoints" name="test_admin_stats" time="1.349" /><testcase classname="backend.tests.test_credicontrol_api.TestAdminEndpoints" name="test_admin_list_users" time="1.372" /><testcase classname="backend.tests.test_credicontrol_api.TestAdminEndpoints" name="test_admin_access_denied_for_user" time="0.929" /><testcase classname="backend.tests.test_credicontrol_api.TestUserDashboard" name="test_user_dashboard" time="1.827" /><testcase classname="backend.tests.test_credicontrol_api.TestCustomersCRUD" name="test_list_customers" time="1.047" /><testcase classname="backend.tests.test_credicontrol_api.TestCustomersCRUD" name="test_create_and_delete_customer" time="2.684" /><testcase classname="backend.tests.test_credicontrol_api.TestLoansCRUD" name="test_list_loans" time="1.494" /><testcase classname="backend.tests.test_credicontrol_api.TestInstallments" name="test_list_all_installments" time="1.410" /><testcase classname="backend.tests.test_credicontrol_api.TestInstallments" name="test_installments_stats" time="1.304" /><testcase classname="backend.tests.test_credicontrol_api.TestInstallments" name="test_installments_filter_by_status" time="2.886" /><testcase classname="backend.tests.test_credicontrol_api.TestSettings" name="test_get_settings" time="1.090" /><testcase classname="backend.tests.test_credicontrol_api.TestSettings" name="test_get_preferences" time="1.119" /><testcase classname="backend.tests.test_credicontrol_api.TestRoleBasedAccess" name="test_user_cannot_access_admin_routes" time="1.119" /><testcase classname="backend.tests.test_credicontrol_api.TestRoleBasedAccess" name="test_admin_cannot_access_user_routes" time="1.369" /></testsuite></testsuites>